<?xml version="1.0" encoding="UTF-8"?>
<!-- Generated by org.testng.reporters.JUnitReportReporter -->
<testsuite hostname="IBM-DOTNET-001" name="LiveProject.PostMethodWithBody" tests="1" failures="0" timestamp="30 Apr 2021 05:07:54 GMT" time="7.962" errors="0">
  <testcase name="Signup" time="7.962" classname="LiveProject.PostMethodWithBody"/>
</testsuite> <!-- LiveProject.PostMethodWithBody -->
