<?xml version="1.0" encoding="UTF-8"?>
<!-- Generated by org.testng.reporters.JUnitReportReporter -->
<testsuite hostname="IBM-DOTNET-001" name="LiveProject.PostMethodWithBodyandresponse" tests="1" failures="0" timestamp="30 Apr 2021 05:15:49 GMT" time="9.152" errors="0">
  <testcase name="Signup" time="9.152" classname="LiveProject.PostMethodWithBodyandresponse"/>
</testsuite> <!-- LiveProject.PostMethodWithBodyandresponse -->
