<?xml version="1.0" encoding="UTF-8"?>
<!-- Generated by org.testng.reporters.JUnitReportReporter -->
<testsuite skipped="1" hostname="IBM-DOTNET-001" name="LiveProject.PostMethodWithBodyandresponseasjson" tests="4" failures="0" timestamp="03 May 2021 04:26:22 GMT" time="13.236" errors="0">
  <testcase name="Login" time="8.422" classname="LiveProject.PostMethodWithBodyandresponseasjson"/>
  <testcase name="getallusers" time="3.055" classname="LiveProject.PostMethodWithBodyandresponseasjson"/>
  <testcase name="deleteuser" time="1.759" classname="LiveProject.PostMethodWithBodyandresponseasjson"/>
  <testcase name="Signup" classname="LiveProject.PostMethodWithBodyandresponseasjson">
    <skipped/>
  </testcase> <!-- Signup -->
</testsuite> <!-- LiveProject.PostMethodWithBodyandresponseasjson -->
